<?xml version="1.0" encoding="UTF-8"?>
<!-- Generated by org.testng.reporters.JUnitReportReporter -->
<testsuite skipped="0" hostname="DESKTOP-R1TG5S3" name="restassured.apitesting.GoogleAPIPostReq" tests="1" failures="0" timestamp="2020-01-11T22:03:31 IST" time="3.957" errors="0">
  <testcase name="postReq" time="3.957" classname="restassured.apitesting.GoogleAPIPostReq"/>
</testsuite> <!-- restassured.apitesting.GoogleAPIPostReq -->
