<?xml version="1.0" encoding="UTF-8"?>
<!-- Generated by org.testng.reporters.JUnitReportReporter -->
<testsuite skipped="0" hostname="DESKTOP-R1TG5S3" name="restuAssure.API.XML.GoogleAPIPostReq" tests="1" failures="0" timestamp="2020-01-15T22:03:35 IST" time="3.337" errors="0">
  <testcase name="postReq" time="3.337" classname="restuAssure.API.XML.GoogleAPIPostReq"/>
</testsuite> <!-- restuAssure.API.XML.GoogleAPIPostReq -->
