<?xml version="1.0" encoding="UTF-8"?>
<!-- Generated by org.testng.reporters.JUnitReportReporter -->
<testsuite skipped="0" hostname="DESKTOP-R1TG5S3" name="restAssuredDataDriven.DataDrivenPostReqExtrnal" tests="1" failures="0" timestamp="2020-01-17T22:50:19 IST" time="3.432" errors="0">
  <testcase name="getReq" time="3.432" classname="restAssuredDataDriven.DataDrivenPostReqExtrnal"/>
</testsuite> <!-- restAssuredDataDriven.DataDrivenPostReqExtrnal -->
