<?xml version="1.0" encoding="UTF-8"?>
<!-- Generated by org.testng.reporters.JUnitReportReporter -->
<testsuite skipped="0" hostname="DESKTOP-R1TG5S3" name="restassured.apitesting.GoogleAPISearch" tests="1" failures="0" timestamp="2020-01-11T19:29:59 IST" time="4.979" errors="0">
  <testcase name="testAssured" time="4.979" classname="restassured.apitesting.GoogleAPISearch"/>
</testsuite> <!-- restassured.apitesting.GoogleAPISearch -->
