<?xml version="1.0" encoding="UTF-8"?>
<!-- Generated by org.testng.reporters.JUnitReportReporter -->
<testsuite skipped="0" hostname="DESKTOP-R1TG5S3" name="restassured.apitesting.GoogleAPITraverseJSON" tests="1" failures="0" timestamp="2020-01-15T22:38:53 IST" time="8.985" errors="0">
  <testcase name="getReq" time="8.985" classname="restassured.apitesting.GoogleAPITraverseJSON"/>
</testsuite> <!-- restassured.apitesting.GoogleAPITraverseJSON -->
