<?xml version="1.0" encoding="UTF-8"?>
<!-- Generated by org.testng.reporters.JUnitReportReporter -->
<testsuite skipped="0" hostname="DESKTOP-R1TG5S3" name="restAssuredDataDriven.DataDrivenPostReq" tests="3" failures="0" timestamp="2020-01-17T22:33:26 IST" time="4.859" errors="0">
  <testcase name="getReq" time="0.516" classname="restAssuredDataDriven.DataDrivenPostReq"/>
  <testcase name="getReq" time="3.897" classname="restAssuredDataDriven.DataDrivenPostReq"/>
  <testcase name="getReq" time="0.446" classname="restAssuredDataDriven.DataDrivenPostReq"/>
</testsuite> <!-- restAssuredDataDriven.DataDrivenPostReq -->
